2020.06.29 22:27:00 INFO  started: Metals version 0.9.0 in workspace 'D:\mover\parrot_engine'
2020.06.29 22:27:02 INFO  time: initialize in 1.86s
2020.06.29 22:27:04 WARN  Unsupported sbt version 0.13.11
2020.06.29 22:27:04 INFO  no build target: using presentation compiler with only scala-library
2020.06.29 22:27:13 WARN  no build target for: D:\mover\parrot_engine\app\Global.scala
2020.06.29 22:27:13 WARN  no build target for: D:\mover\parrot_engine\app\controllers\Application.scala
2020.06.29 22:27:13 WARN  no build target for: D:\mover\parrot_engine\app\controllers\v1\AccountController.scala
2020.06.29 22:27:13 WARN  no build target for: D:\mover\parrot_engine\app\controllers\v1\DepartmentsController.scala
2020.06.29 22:27:13 WARN  no build target for: D:\mover\parrot_engine\app\controllers\v1\EmployeeController.scala
2020.06.29 22:27:13 WARN  no build target for: D:\mover\parrot_engine\app\controllers\v1\KioskController.scala
2020.06.29 22:27:13 WARN  no build target for: D:\mover\parrot_engine\app\controllers\v1\OfficesController.scala
2020.06.29 22:27:13 WARN  no build target for: D:\mover\parrot_engine\app\controllers\v1\RolesController.scala
2020.06.29 22:27:13 WARN  no build target for: D:\mover\parrot_engine\app\controllers\v1\StationsController.scala
2020.06.29 22:27:13 WARN  no build target for: D:\mover\parrot_engine\app\controllers\v1\UsersController.scala
2020.06.29 22:28:09 INFO  shutting down Metals
2020.06.29 22:28:43 INFO  started: Metals version 0.9.0 in workspace 'D:\mover\parrot_engine'
2020.06.29 22:28:44 INFO  time: initialize in 0.82s
2020.06.29 22:28:44 WARN  Unsupported sbt version 0.13.11
2020.06.29 22:28:44 INFO  no build target: using presentation compiler with only scala-library
2020.06.29 22:28:47 WARN  no build target for: D:\mover\parrot_engine\app\controllers\Application.scala
2020.06.29 22:28:47 WARN  no build target for: D:\mover\parrot_engine\app\Global.scala
2020.06.29 22:28:47 WARN  no build target for: D:\mover\parrot_engine\app\controllers\v1\AccountController.scala
2020.06.29 22:28:47 WARN  no build target for: D:\mover\parrot_engine\app\controllers\v1\DepartmentsController.scala
2020.06.29 22:28:47 WARN  no build target for: D:\mover\parrot_engine\app\controllers\v1\EmployeeController.scala
2020.06.29 22:28:47 WARN  no build target for: D:\mover\parrot_engine\app\controllers\v1\KioskController.scala
2020.06.29 22:28:47 WARN  no build target for: D:\mover\parrot_engine\app\controllers\v1\OfficesController.scala
2020.06.29 22:28:47 WARN  no build target for: D:\mover\parrot_engine\app\controllers\v1\RolesController.scala
2020.06.29 22:28:47 WARN  no build target for: D:\mover\parrot_engine\app\controllers\v1\StationsController.scala
2020.06.29 22:28:47 WARN  no build target for: D:\mover\parrot_engine\app\controllers\v1\UsersController.scala
Jun 29, 2020 10:28:53 PM org.eclipse.lsp4j.jsonrpc.RemoteEndpoint fallbackResponseError
SEVERE: Internal error: java.lang.InterruptedException
java.util.concurrent.CompletionException: java.lang.InterruptedException
	at java.util.concurrent.CompletableFuture.encodeThrowable(CompletableFuture.java:273)
	at java.util.concurrent.CompletableFuture.completeThrowable(CompletableFuture.java:280)
	at java.util.concurrent.CompletableFuture.uniAccept(CompletableFuture.java:659)
	at java.util.concurrent.CompletableFuture$UniAccept.tryFire(CompletableFuture.java:632)
	at java.util.concurrent.CompletableFuture.postComplete(CompletableFuture.java:474)
	at java.util.concurrent.CompletableFuture.complete(CompletableFuture.java:1962)
	at scala.meta.internal.metals.CancelTokens$.$anonfun$future$1(CancelTokens.scala:40)
	at scala.meta.internal.metals.CancelTokens$.$anonfun$future$1$adapted(CancelTokens.scala:36)
	at scala.concurrent.impl.CallbackRunnable.run(Promise.scala:64)
	at java.util.concurrent.ThreadPoolExecutor.runWorker(ThreadPoolExecutor.java:1149)
	at java.util.concurrent.ThreadPoolExecutor$Worker.run(ThreadPoolExecutor.java:624)
	at java.lang.Thread.run(Thread.java:748)
Caused by: java.lang.InterruptedException
	at scala.meta.internal.metals.FutureCancelToken.checkCanceled(FutureCancelToken.scala:27)
	at scala.meta.pc.VirtualFileParams.checkCanceled(VirtualFileParams.java:25)
	at scala.meta.internal.pc.CompletionProvider.$anonfun$completions$1(CompletionProvider.scala:73)
	at scala.collection.Iterator$$anon$10.next(Iterator.scala:461)
	at scala.collection.Iterator.toStream(Iterator.scala:1417)
	at scala.collection.Iterator.toStream$(Iterator.scala:1416)
	at scala.collection.AbstractIterator.toStream(Iterator.scala:1431)
	at scala.collection.Iterator.$anonfun$toStream$1(Iterator.scala:1417)
	at scala.collection.immutable.Stream$Cons.tail(Stream.scala:1173)
	at scala.collection.immutable.Stream$Cons.tail(Stream.scala:1163)
	at scala.collection.immutable.StreamIterator.$anonfun$next$1(Stream.scala:1061)
	at scala.collection.immutable.StreamIterator$LazyCell.v$lzycompute(Stream.scala:1050)
	at scala.collection.immutable.StreamIterator$LazyCell.v(Stream.scala:1050)
	at scala.collection.immutable.StreamIterator.hasNext(Stream.scala:1055)
	at scala.collection.convert.Wrappers$IteratorWrapper.hasNext(Wrappers.scala:31)
	at org.eclipse.lsp4j.jsonrpc.json.adapters.CollectionTypeAdapter.write(CollectionTypeAdapter.java:134)
	at org.eclipse.lsp4j.jsonrpc.json.adapters.CollectionTypeAdapter.write(CollectionTypeAdapter.java:40)
	at com.google.gson.internal.bind.TypeAdapterRuntimeTypeWrapper.write(TypeAdapterRuntimeTypeWrapper.java:69)
	at com.google.gson.internal.bind.ReflectiveTypeAdapterFactory$1.write(ReflectiveTypeAdapterFactory.java:125)
	at com.google.gson.internal.bind.ReflectiveTypeAdapterFactory$Adapter.write(ReflectiveTypeAdapterFactory.java:243)
	at com.google.gson.Gson.toJson(Gson.java:669)
	at org.eclipse.lsp4j.jsonrpc.json.adapters.MessageTypeAdapter.write(MessageTypeAdapter.java:423)
	at org.eclipse.lsp4j.jsonrpc.json.adapters.MessageTypeAdapter.write(MessageTypeAdapter.java:55)
	at com.google.gson.Gson.toJson(Gson.java:669)
	at com.google.gson.Gson.toJson(Gson.java:648)
	at org.eclipse.lsp4j.jsonrpc.json.MessageJsonHandler.serialize(MessageJsonHandler.java:145)
	at org.eclipse.lsp4j.jsonrpc.json.MessageJsonHandler.serialize(MessageJsonHandler.java:140)
	at org.eclipse.lsp4j.jsonrpc.json.StreamMessageConsumer.consume(StreamMessageConsumer.java:59)
	at org.eclipse.lsp4j.jsonrpc.RemoteEndpoint.lambda$handleRequest$1(RemoteEndpoint.java:281)
	at java.util.concurrent.CompletableFuture.uniAccept(CompletableFuture.java:656)
	... 9 more

2020.06.29 22:29:09 WARN  no build target for: D:\mover\parrot_engine\app\controllers\Application.scala
2020.06.29 22:29:12 WARN  no build target for: D:\mover\parrot_engine\app\controllers\Application.scala
2020.06.29 22:30:16 INFO  shutting down Metals
2020.06.29 22:30:48 INFO  started: Metals version 0.9.0 in workspace 'D:\mover\parrot_engine'
2020.06.29 22:30:49 INFO  time: initialize in 0.6s
2020.06.29 22:30:50 WARN  Unsupported sbt version 0.13.11
2020.06.29 22:30:50 INFO  no build target: using presentation compiler with only scala-library
2020.06.29 22:30:53 WARN  no build target for: D:\mover\parrot_engine\app\controllers\Application.scala
2020.06.29 22:30:53 WARN  no build target for: D:\mover\parrot_engine\app\Global.scala
2020.06.29 22:30:53 WARN  no build target for: D:\mover\parrot_engine\app\controllers\v1\AccountController.scala
2020.06.29 22:30:53 WARN  no build target for: D:\mover\parrot_engine\app\controllers\v1\DepartmentsController.scala
2020.06.29 22:30:53 WARN  no build target for: D:\mover\parrot_engine\app\controllers\v1\EmployeeController.scala
2020.06.29 22:30:53 WARN  no build target for: D:\mover\parrot_engine\app\controllers\v1\KioskController.scala
2020.06.29 22:30:53 WARN  no build target for: D:\mover\parrot_engine\app\controllers\v1\OfficesController.scala
2020.06.29 22:30:53 WARN  no build target for: D:\mover\parrot_engine\app\controllers\v1\RolesController.scala
2020.06.29 22:30:53 WARN  no build target for: D:\mover\parrot_engine\app\controllers\v1\StationsController.scala
2020.06.29 22:30:53 WARN  no build target for: D:\mover\parrot_engine\app\controllers\v1\UsersController.scala
2020.06.29 22:33:27 INFO  shutting down Metals
2020.06.30 01:58:58 INFO  started: Metals version 0.9.0 in workspace 'D:\mover\parrot_engine'
2020.06.30 01:58:59 INFO  time: initialize in 1.01s
2020.06.30 01:59:00 WARN  Unsupported sbt version 0.13.11
2020.06.30 01:59:00 INFO  no build target: using presentation compiler with only scala-library
2020.06.30 01:59:06 WARN  no build target for: D:\mover\parrot_engine\app\controllers\Application.scala
2020.06.30 01:59:06 WARN  no build target for: D:\mover\parrot_engine\app\Global.scala
2020.06.30 01:59:06 WARN  no build target for: D:\mover\parrot_engine\app\controllers\v1\AccountController.scala
2020.06.30 01:59:06 WARN  no build target for: D:\mover\parrot_engine\app\controllers\v1\EmployeeController.scala
2020.06.30 01:59:06 WARN  no build target for: D:\mover\parrot_engine\app\controllers\v1\DepartmentsController.scala
2020.06.30 01:59:06 WARN  no build target for: D:\mover\parrot_engine\app\controllers\v1\StationsController.scala
2020.06.30 01:59:06 WARN  no build target for: D:\mover\parrot_engine\app\controllers\v1\UsersController.scala
2020.06.30 01:59:06 WARN  no build target for: D:\mover\parrot_engine\app\controllers\v1\OfficesController.scala
2020.06.30 01:59:06 WARN  no build target for: D:\mover\parrot_engine\target\scala-2.11\routes\main\controllers\ReverseRoutes.scala
2020.06.30 01:59:06 WARN  no build target for: D:\mover\parrot_engine\target\scala-2.11\routes\main\controllers\v1\ReverseRoutes.scala
2020.06.30 01:59:06 WARN  no build target for: D:\mover\parrot_engine\target\scala-2.11\routes\main\router\Routes.scala
2020.06.30 01:59:06 WARN  no build target for: D:\mover\parrot_engine\target\scala-2.11\routes\main\controllers\javascript\JavaScriptReverseRoutes.scala
2020.06.30 01:59:06 WARN  no build target for: D:\mover\parrot_engine\target\scala-2.11\routes\main\router\RoutesPrefix.scala
2020.06.30 01:59:06 WARN  no build target for: D:\mover\parrot_engine\target\scala-2.11\twirl\main\views\html\index.template.scala
2020.06.30 01:59:06 WARN  no build target for: D:\mover\parrot_engine\target\scala-2.11\twirl\main\views\html\main.template.scala
2020.06.30 01:59:06 WARN  no build target for: D:\mover\parrot_engine\app\controllers\v1\KioskController.scala
2020.06.30 01:59:06 WARN  no build target for: D:\mover\parrot_engine\app\controllers\v1\RolesController.scala
2020.06.30 01:59:06 WARN  no build target for: D:\mover\parrot_engine\target\scala-2.11\routes\main\controllers\v1\javascript\JavaScriptReverseRoutes.scala
2020.06.30 01:59:06 WARN  no build target for: D:\mover\parrot_engine\target\scala-2.11\twirl\main\views\html\nav.template.scala
2020.06.30 02:27:43 INFO  shutting down Metals
